Thu Oct 30 22:28:10 2025       
+-----------------------------------------------------------------------------------------+
| NVIDIA-SMI 560.35.03              Driver Version: 560.35.03      CUDA Version: 12.6     |
|-----------------------------------------+------------------------+----------------------+
| GPU  Name                 Persistence-M | Bus-Id          Disp.A | Volatile Uncorr. ECC |
| Fan  Temp   Perf          Pwr:Usage/Cap |           Memory-Usage | GPU-Util  Compute M. |
|                                         |                        |               MIG M. |
|=========================================+========================+======================|
|   0  NVIDIA H100 80GB HBM3          On  |   00000000:C2:00.0 Off |                    0 |
| N/A   22C    P0             68W /  700W |       1MiB /  81559MiB |      0%      Default |
|                                         |                        |             Disabled |
+-----------------------------------------+------------------------+----------------------+
                                                                                         
+-----------------------------------------------------------------------------------------+
| Processes:                                                                              |
|  GPU   GI   CI        PID   Type   Process name                              GPU Memory |
|        ID   ID                                                               Usage      |
|=========================================================================================|
|  No running processes found                                                             |
+-----------------------------------------------------------------------------------------+
Checkpoint saved at experiments/ddpm_cifar10/checkpoints/checkpoint_epoch_0.pth
Checkpoint saved at experiments/ddpm_cifar10/checkpoints/checkpoint_epoch_1.pth
Checkpoint saved at experiments/ddpm_cifar10/checkpoints/checkpoint_epoch_2.pth
Checkpoint saved at experiments/ddpm_cifar10/checkpoints/checkpoint_epoch_3.pth
Checkpoint saved at experiments/ddpm_cifar10/checkpoints/checkpoint_epoch_4.pth
Checkpoint saved at experiments/ddpm_cifar10/checkpoints/checkpoint_epoch_5.pth
Checkpoint saved at experiments/ddpm_cifar10/checkpoints/checkpoint_epoch_6.pth
